# JRE version: OpenJDK Runtime Environment (21.0.6) (build 21.0.6+-13368085-b895.109)
# Java VM: OpenJDK 64-Bit Server VM (21.0.6+-13368085-b895.109, mixed mode, tiered, compressed oops, compressed class ptrs, g1 gc, windows-amd64)
GC Precious Log:
 CardTable entry size: 512
 Card Set container configuration: InlinePtr #cards 5 size 8 Array Of Cards #cards 12 size 40 Howl #buckets 4 coarsen threshold 1843 Howl Bitmap #cards 512 size 80 coarsen threshold 460 Card regions per heap region 1 cards per card region 2048
 CPUs: 12 total, 12 available
 Memory: 32361M
 Large Page Support: Disabled
 NUMA Support: Disabled
 Compressed Oops: Enabled (32-bit)
 Heap Region Size: 1M
 Heap Min Capacity: 8M
 Heap Initial Capacity: 506M
 Heap Max Capacity: 2G
 Pre-touch: Disabled
 Parallel Workers: 10
 Concurrent Workers: 3
 Concurrent Refinement Workers: 10
 Periodic GC: Disabled
Heap:
 garbage-first heap   total 84992K, used 35394K [0x0000000080000000, 0x0000000100000000)
  region size 1024K, 6 young (6144K), 6 survivors (6144K)
 Metaspace       used 49458K, committed 50880K, reserved 1114112K
  class space    used 6688K, committed 7424K, reserved 1048576K
GC Heap History (19 events):
Event: 0.245 GC heap before
{Heap before GC invocations=0 (full 0):
 garbage-first heap   total 518144K, used 25600K [0x0000000080000000, 0x0000000100000000)
  region size 1024K, 25 young (25600K), 0 survivors (0K)
 Metaspace       used 7987K, committed 8128K, reserved 1114112K
  class space    used 709K, committed 768K, reserved 1048576K
}
Event: 0.246 GC heap after
{Heap after GC invocations=1 (full 0):
 garbage-first heap   total 518144K, used 4412K [0x0000000080000000, 0x0000000100000000)
  region size 1024K, 4 young (4096K), 4 survivors (4096K)
 Metaspace       used 7987K, committed 8128K, reserved 1114112K
  class space    used 709K, committed 768K, reserved 1048576K
}
Event: 0.513 GC heap before
{Heap before GC invocations=1 (full 0):
 garbage-first heap   total 518144K, used 41276K [0x0000000080000000, 0x0000000100000000)
  region size 1024K, 38 young (38912K), 4 survivors (4096K)
 Metaspace       used 12134K, committed 12352K, reserved 1114112K
  class space    used 1273K, committed 1408K, reserved 1048576K
}
Event: 0.515 GC heap after
{Heap after GC invocations=2 (full 0):
 garbage-first heap   total 518144K, used 11201K [0x0000000080000000, 0x0000000100000000)
  region size 1024K, 4 young (4096K), 4 survivors (4096K)
 Metaspace       used 12134K, committed 12352K, reserved 1114112K
  class space    used 1273K, committed 1408K, reserved 1048576K
}
Event: 0.804 GC heap before
{Heap before GC invocations=2 (full 0):
 garbage-first heap   total 518144K, used 63425K [0x0000000080000000, 0x0000000100000000)
  region size 1024K, 53 young (54272K), 4 survivors (4096K)
 Metaspace       used 15133K, committed 15424K, reserved 1114112K
  class space    used 1653K, committed 1792K, reserved 1048576K
}
Event: 0.806 GC heap after
{Heap after GC invocations=3 (full 0):
 garbage-first heap   total 518144K, used 18103K [0x0000000080000000, 0x0000000100000000)
  region size 1024K, 7 young (7168K), 7 survivors (7168K)
 Metaspace       used 15133K, committed 15424K, reserved 1114112K
  class space    used 1653K, committed 1792K, reserved 1048576K
}
Event: 1.036 GC heap before
{Heap before GC invocations=3 (full 0):
 garbage-first heap   total 518144K, used 40631K [0x0000000080000000, 0x0000000100000000)
  region size 1024K, 30 young (30720K), 7 survivors (7168K)
 Metaspace       used 21177K, committed 21504K, reserved 1114112K
  class space    used 2436K, committed 2624K, reserved 1048576K
}
Event: 1.037 GC heap after
{Heap after GC invocations=4 (full 0):
 garbage-first heap   total 518144K, used 20588K [0x0000000080000000, 0x0000000100000000)
  region size 1024K, 10 young (10240K), 10 survivors (10240K)
 Metaspace       used 21177K, committed 21504K, reserved 1114112K
  class space    used 2436K, committed 2624K, reserved 1048576K
}
Event: 1.398 GC heap before
{Heap before GC invocations=5 (full 0):
 garbage-first heap   total 71680K, used 69740K [0x0000000080000000, 0x0000000100000000)
  region size 1024K, 59 young (60416K), 10 survivors (10240K)
 Metaspace       used 29123K, committed 29760K, reserved 1114112K
  class space    used 3693K, committed 4032K, reserved 1048576K
}
Event: 1.401 GC heap after
{Heap after GC invocations=6 (full 0):
 garbage-first heap   total 84992K, used 23407K [0x0000000080000000, 0x0000000100000000)
  region size 1024K, 13 young (13312K), 13 survivors (13312K)
 Metaspace       used 29123K, committed 29760K, reserved 1114112K
  class space    used 3693K, committed 4032K, reserved 1048576K
}
Event: 1.665 GC heap before
{Heap before GC invocations=6 (full 0):
 garbage-first heap   total 84992K, used 59247K [0x0000000080000000, 0x0000000100000000)
  region size 1024K, 49 young (50176K), 13 survivors (13312K)
 Metaspace       used 34076K, committed 34944K, reserved 1114112K
  class space    used 4538K, committed 4992K, reserved 1048576K
}
Event: 1.668 GC heap after
{Heap after GC invocations=7 (full 0):
 garbage-first heap   total 84992K, used 26140K [0x0000000080000000, 0x0000000100000000)
  region size 1024K, 6 young (6144K), 6 survivors (6144K)
 Metaspace       used 34076K, committed 34944K, reserved 1114112K
  class space    used 4538K, committed 4992K, reserved 1048576K
}
Event: 1.734 GC heap before
{Heap before GC invocations=7 (full 0):
 garbage-first heap   total 84992K, used 34332K [0x0000000080000000, 0x0000000100000000)
  region size 1024K, 15 young (15360K), 6 survivors (6144K)
 Metaspace       used 35256K, committed 36096K, reserved 1114112K
  class space    used 4715K, committed 5120K, reserved 1048576K
}
Event: 1.736 GC heap after
{Heap after GC invocations=8 (full 0):
 garbage-first heap   total 84992K, used 26234K [0x0000000080000000, 0x0000000100000000)
  region size 1024K, 4 young (4096K), 4 survivors (4096K)
 Metaspace       used 35256K, committed 36096K, reserved 1114112K
  class space    used 4715K, committed 5120K, reserved 1048576K
}
Event: 2.030 GC heap before
{Heap before GC invocations=9 (full 0):
 garbage-first heap   total 84992K, used 71290K [0x0000000080000000, 0x0000000100000000)
  region size 1024K, 49 young (50176K), 4 survivors (4096K)
 Metaspace       used 42507K, committed 43712K, reserved 1114112K
  class space    used 5746K, committed 6336K, reserved 1048576K
}
Event: 2.032 GC heap after
{Heap after GC invocations=10 (full 0):
 garbage-first heap   total 84992K, used 29539K [0x0000000080000000, 0x0000000100000000)
  region size 1024K, 7 young (7168K), 7 survivors (7168K)
 Metaspace       used 42507K, committed 43712K, reserved 1114112K
  class space    used 5746K, committed 6336K, reserved 1048576K
}
Event: 2.204 GC heap before
{Heap before GC invocations=10 (full 0):
 garbage-first heap   total 84992K, used 70499K [0x0000000080000000, 0x0000000100000000)
  region size 1024K, 48 young (49152K), 7 survivors (7168K)
 Metaspace       used 46664K, committed 48000K, reserved 1114112K
  class space    used 6236K, committed 6912K, reserved 1048576K
}
Event: 2.206 GC heap after
{Heap after GC invocations=11 (full 0):
 garbage-first heap   total 84992K, used 32273K [0x0000000080000000, 0x0000000100000000)
  region size 1024K, 6 young (6144K), 6 survivors (6144K)
 Metaspace       used 46664K, committed 48000K, reserved 1114112K
  class space    used 6236K, committed 6912K, reserved 1048576K
}
Event: 2.391 GC heap before
{Heap before GC invocations=11 (full 0):
 garbage-first heap   total 84992K, used 73233K [0x0000000080000000, 0x0000000100000000)
  region size 1024K, 46 young (47104K), 6 survivors (6144K)
 Metaspace       used 49458K, committed 50880K, reserved 1114112K
  class space    used 6688K, committed 7424K, reserved 1048576K
}

